<?xml version="1.0" encoding="UTF-8"?>
<!-- Generated by org.testng.reporters.JUnitReportReporter -->
<testsuite hostname="JunePC" failures="0" tests="3" name="autodeskproj.VerifyCalculatorFunctionalites" time="10.852" errors="0" timestamp="2024-05-16T12:14:24 PDT" skipped="0">
  <testcase classname="autodeskproj.VerifyCalculatorFunctionalites" name="verifyDefaultACModeOnLCD" time="2.450"/>
  <testcase classname="autodeskproj.VerifyCalculatorFunctionalites" name="verifyAllDigitsAndOPLCD" time="4.168"/>
  <testcase classname="autodeskproj.VerifyCalculatorFunctionalites" name="verifyCEOnClickingAC" time="4.234"/>
</testsuite> <!-- autodeskproj.VerifyCalculatorFunctionalites -->
