<?xml version="1.0" encoding="UTF-8"?>
<!-- Generated by org.testng.reporters.JUnitReportReporter -->
<testsuite hostname="JunePC" failures="0" tests="6" name="autodeskproj.VerifyOperationsWithConsequtiveOperators" time="15.722" errors="0" timestamp="2024-05-17T02:19:53 PDT" skipped="0">
  <testcase classname="autodeskproj.VerifyOperationsWithConsequtiveOperators" name="subAndSub" time="2.491"/>
  <testcase classname="autodeskproj.VerifyOperationsWithConsequtiveOperators" name="divideFollowedByOperator" time="3.194"/>
  <testcase classname="autodeskproj.VerifyOperationsWithConsequtiveOperators" name="addAndAdd" time="2.537"/>
  <testcase classname="autodeskproj.VerifyOperationsWithConsequtiveOperators" name="subAndAdd" time="2.415"/>
  <testcase classname="autodeskproj.VerifyOperationsWithConsequtiveOperators" name="addAndMul" time="2.571"/>
  <testcase classname="autodeskproj.VerifyOperationsWithConsequtiveOperators" name="mulAndSub" time="2.514"/>
</testsuite> <!-- autodeskproj.VerifyOperationsWithConsequtiveOperators -->
