<?xml version="1.0" encoding="UTF-8"?>
<!-- Generated by org.testng.reporters.JUnitReportReporter -->
<testsuite hostname="JunePC" failures="0" tests="13" name="autodeskproj.VerifyOperations" time="32.222" errors="0" timestamp="2024-05-17T02:19:53 PDT" skipped="0">
  <testcase classname="autodeskproj.VerifyOperations" name="subtractTwoNumbers" time="2.504"/>
  <testcase classname="autodeskproj.VerifyOperations" name="addTwoNumbers" time="2.995"/>
  <testcase classname="autodeskproj.VerifyOperations" name="multiplyTwoNumbers" time="2.631"/>
  <testcase classname="autodeskproj.VerifyOperations" name="negMul" time="2.589"/>
  <testcase classname="autodeskproj.VerifyOperations" name="mulZeroToZero" time="2.251"/>
  <testcase classname="autodeskproj.VerifyOperations" name="negDiv" time="2.249"/>
  <testcase classname="autodeskproj.VerifyOperations" name="divideTwoNumbers" time="2.481"/>
  <testcase classname="autodeskproj.VerifyOperations" name="divZeroToZero" time="2.820"/>
  <testcase classname="autodeskproj.VerifyOperations" name="negAdd" time="2.553"/>
  <testcase classname="autodeskproj.VerifyOperations" name="addZeroToZero" time="2.298"/>
  <testcase classname="autodeskproj.VerifyOperations" name="negSub" time="2.490"/>
  <testcase classname="autodeskproj.VerifyOperations" name="divByZero" time="2.172"/>
  <testcase classname="autodeskproj.VerifyOperations" name="subZeroToZero" time="2.189"/>
</testsuite> <!-- autodeskproj.VerifyOperations -->
