<?xml version="1.0" encoding="UTF-8"?>
<!-- Generated by org.testng.reporters.JUnitReportReporter -->
<testsuite hostname="JunePC" failures="0" tests="1" name="autodeskproj.VerifyIncorrectOperatins" time="3.692" errors="0" timestamp="2024-05-16T17:08:32 PDT" skipped="0">
  <testcase classname="autodeskproj.VerifyIncorrectOperatins" name="addTwoNumbers" time="3.692"/>
</testsuite> <!-- autodeskproj.VerifyIncorrectOperatins -->
