<?xml version="1.0" encoding="UTF-8"?>
<!-- Generated by org.testng.reporters.JUnitReportReporter -->
<testsuite hostname="JunePC" failures="0" tests="1" name="autodeskproj.InvokeBrowserTest" time="0.066" errors="0" timestamp="2024-05-17T02:19:53 PDT" skipped="0">
  <testcase classname="autodeskproj.InvokeBrowserTest" name="checkCalculatorScreen" time="0.066"/>
</testsuite> <!-- autodeskproj.InvokeBrowserTest -->
