<?xml version="1.0" encoding="UTF-8"?>
<!-- Generated by org.testng.reporters.JUnitReportReporter -->
<testsuite hostname="JunePC" failures="0" tests="3" name="autodeskproj.VerifyCalculatorKeys" time="9.989" errors="0" timestamp="2024-05-17T02:19:53 PDT" skipped="0">
  <testcase classname="autodeskproj.VerifyCalculatorKeys" name="verifyAllDigitsAndOPLCD" time="3.256"/>
  <testcase classname="autodeskproj.VerifyCalculatorKeys" name="verifyCEOnClickingAC" time="3.892"/>
  <testcase classname="autodeskproj.VerifyCalculatorKeys" name="verifyDefaultACModeOnLCD" time="2.841"/>
</testsuite> <!-- autodeskproj.VerifyCalculatorKeys -->
