<?xml version="1.0" encoding="UTF-8"?>
<!-- Generated by org.testng.reporters.JUnitReportReporter -->
<testsuite hostname="JunePC" failures="0" tests="4" name="autodeskproj.VerifyLargeInputs" time="14.600" errors="0" timestamp="2024-05-17T02:19:53 PDT" skipped="0">
  <testcase classname="autodeskproj.VerifyLargeInputs" name="minimumNegLength" time="3.386"/>
  <testcase classname="autodeskproj.VerifyLargeInputs" name="verifyLargeOperation" time="4.672"/>
  <testcase classname="autodeskproj.VerifyLargeInputs" name="maximumLength" time="3.104"/>
  <testcase classname="autodeskproj.VerifyLargeInputs" name="maximumLengthAfterDecimal" time="3.438"/>
</testsuite> <!-- autodeskproj.VerifyLargeInputs -->
