<?xml version="1.0" encoding="UTF-8"?>
<!-- Generated by org.testng.reporters.JUnitReportReporter -->
<testsuite hostname="JunePC" failures="0" tests="6" name="autodeskproj.VerifyAC_CEFunctionality" time="17.095" errors="0" timestamp="2024-05-17T02:19:53 PDT" skipped="0">
  <testcase classname="autodeskproj.VerifyAC_CEFunctionality" name="testACAns" time="2.461"/>
  <testcase classname="autodeskproj.VerifyAC_CEFunctionality" name="testCEButton" time="2.568"/>
  <testcase classname="autodeskproj.VerifyAC_CEFunctionality" name="verifyCEToACForEquals" time="3.469"/>
  <testcase classname="autodeskproj.VerifyAC_CEFunctionality" name="testACButton" time="2.366"/>
  <testcase classname="autodeskproj.VerifyAC_CEFunctionality" name="testCEButtonDuringOperation" time="3.616"/>
  <testcase classname="autodeskproj.VerifyAC_CEFunctionality" name="verifyCEForSingleDigit" time="2.615"/>
</testsuite> <!-- autodeskproj.VerifyAC_CEFunctionality -->
