<?xml version="1.0" encoding="UTF-8"?>
<!-- Generated by org.testng.reporters.JUnitReportReporter -->
<testsuite hostname="JunePC" failures="0" tests="8" name="autodeskproj.VerifyDecimalFunctionalty" time="22.298" errors="0" timestamp="2024-05-17T02:19:53 PDT" skipped="0">
  <testcase classname="autodeskproj.VerifyDecimalFunctionalty" name="decEquals" time="2.395"/>
  <testcase classname="autodeskproj.VerifyDecimalFunctionalty" name="testSubtractionToNegativeDecimalEdgeCase" time="2.696"/>
  <testcase classname="autodeskproj.VerifyDecimalFunctionalty" name="testMixedOperationsWithDecimals" time="3.030"/>
  <testcase classname="autodeskproj.VerifyDecimalFunctionalty" name="testSmallDecimalsExp" time="3.075"/>
  <testcase classname="autodeskproj.VerifyDecimalFunctionalty" name="zeroAsDecimal" time="2.880"/>
  <testcase classname="autodeskproj.VerifyDecimalFunctionalty" name="testAdditionOfSmallDecimalsEdgeCase" time="2.845"/>
  <testcase classname="autodeskproj.VerifyDecimalFunctionalty" name="testRoundingBehavior" time="2.596"/>
  <testcase classname="autodeskproj.VerifyDecimalFunctionalty" name="verifyDecimalNumber" time="2.781"/>
</testsuite> <!-- autodeskproj.VerifyDecimalFunctionalty -->
